  Скопировано файлов:         1.
  Скопировано файлов:         1.
  Подпапка или файл C:\Users\Acer\source\repos\Змеюка [уровни]\меню\x64\Debug Dynamic\resources уже существует.
  Скопировано файлов:         1.
  Скопировано файлов:         1.
  Скопировано файлов:         1.
  Скопировано файлов:         1.
  C:\Users\Acer\source\repos\Змеюка [уровни]\меню\resources\ball.wav
  C:\Users\Acer\source\repos\Змеюка [уровни]\меню\resources\sansation.ttf
  Скопировано файлов:         2.
  меню 2.cpp
C:\Users\Acer\source\repos\Змеюка [уровни]\меню\меню 2.cpp(178,12): warning C4244: аргумент: преобразование "time_t" в "unsigned int", возможна потеря данных
C:\Users\Acer\source\repos\Змеюка [уровни]\меню\меню 2.cpp(277,12): warning C4244: аргумент: преобразование "time_t" в "unsigned int", возможна потеря данных
C:\Users\Acer\source\repos\Змеюка [уровни]\меню\меню 2.cpp(296,31): warning C4305: инициализация: усечение из "double" в "float"
C:\Users\Acer\source\repos\Змеюка [уровни]\меню\меню 2.cpp(331,37): warning C4244: аргумент: преобразование "int" в "float", возможна потеря данных
C:\Users\Acer\source\repos\Змеюка [уровни]\меню\меню 2.cpp(331,27): warning C4244: аргумент: преобразование "int" в "float", возможна потеря данных
C:\Users\Acer\source\repos\Змеюка [уровни]\меню\меню 2.cpp(336,46): warning C4244: аргумент: преобразование "int" в "float", возможна потеря данных
C:\Users\Acer\source\repos\Змеюка [уровни]\меню\меню 2.cpp(336,31): warning C4244: аргумент: преобразование "int" в "float", возможна потеря данных
C:\Users\Acer\source\repos\Змеюка [уровни]\меню\меню 2.cpp(342,40): warning C4244: аргумент: преобразование "int" в "float", возможна потеря данных
C:\Users\Acer\source\repos\Змеюка [уровни]\меню\меню 2.cpp(342,28): warning C4244: аргумент: преобразование "int" в "float", возможна потеря данных
C:\Users\Acer\source\repos\Змеюка [уровни]\меню\меню 2.cpp(417,12): warning C4244: аргумент: преобразование "time_t" в "unsigned int", возможна потеря данных
C:\Users\Acer\source\repos\Змеюка [уровни]\меню\меню 2.cpp(439,31): warning C4305: инициализация: усечение из "double" в "float"
C:\Users\Acer\source\repos\Змеюка [уровни]\меню\меню 2.cpp(483,37): warning C4244: аргумент: преобразование "int" в "float", возможна потеря данных
C:\Users\Acer\source\repos\Змеюка [уровни]\меню\меню 2.cpp(483,27): warning C4244: аргумент: преобразование "int" в "float", возможна потеря данных
C:\Users\Acer\source\repos\Змеюка [уровни]\меню\меню 2.cpp(488,46): warning C4244: аргумент: преобразование "int" в "float", возможна потеря данных
C:\Users\Acer\source\repos\Змеюка [уровни]\меню\меню 2.cpp(488,31): warning C4244: аргумент: преобразование "int" в "float", возможна потеря данных
C:\Users\Acer\source\repos\Змеюка [уровни]\меню\меню 2.cpp(494,40): warning C4244: аргумент: преобразование "int" в "float", возможна потеря данных
C:\Users\Acer\source\repos\Змеюка [уровни]\меню\меню 2.cpp(494,28): warning C4244: аргумент: преобразование "int" в "float", возможна потеря данных
C:\Users\Acer\source\repos\Змеюка [уровни]\меню\меню 2.cpp(499,40): warning C4244: аргумент: преобразование "int" в "float", возможна потеря данных
C:\Users\Acer\source\repos\Змеюка [уровни]\меню\меню 2.cpp(499,28): warning C4244: аргумент: преобразование "int" в "float", возможна потеря данных
C:\Users\Acer\source\repos\Змеюка [уровни]\меню\меню 2.cpp(500,42): warning C4244: аргумент: преобразование "int" в "float", возможна потеря данных
C:\Users\Acer\source\repos\Змеюка [уровни]\меню\меню 2.cpp(500,29): warning C4244: аргумент: преобразование "int" в "float", возможна потеря данных
C:\Users\Acer\source\repos\Змеюка [уровни]\меню\меню 2.cpp(501,42): warning C4244: аргумент: преобразование "int" в "float", возможна потеря данных
C:\Users\Acer\source\repos\Змеюка [уровни]\меню\меню 2.cpp(501,29): warning C4244: аргумент: преобразование "int" в "float", возможна потеря данных
C:\Users\Acer\source\repos\Змеюка [уровни]\меню\меню 2.cpp(502,42): warning C4244: аргумент: преобразование "int" в "float", возможна потеря данных
C:\Users\Acer\source\repos\Змеюка [уровни]\меню\меню 2.cpp(502,29): warning C4244: аргумент: преобразование "int" в "float", возможна потеря данных
C:\Users\Acer\source\repos\Змеюка [уровни]\меню\меню 2.cpp(503,42): warning C4244: аргумент: преобразование "int" в "float", возможна потеря данных
C:\Users\Acer\source\repos\Змеюка [уровни]\меню\меню 2.cpp(503,29): warning C4244: аргумент: преобразование "int" в "float", возможна потеря данных
C:\Users\Acer\source\repos\Змеюка [уровни]\меню\меню 2.cpp(511,40): warning C4244: аргумент: преобразование "int" в "float", возможна потеря данных
C:\Users\Acer\source\repos\Змеюка [уровни]\меню\меню 2.cpp(511,28): warning C4244: аргумент: преобразование "int" в "float", возможна потеря данных
C:\Users\Acer\source\repos\Змеюка [уровни]\меню\меню 2.cpp(661,12): warning C4244: аргумент: преобразование "time_t" в "unsigned int", возможна потеря данных
C:\Users\Acer\source\repos\Змеюка [уровни]\меню\меню 2.cpp(681,31): warning C4305: инициализация: усечение из "double" в "float"
C:\Users\Acer\source\repos\Змеюка [уровни]\меню\меню 2.cpp(783,37): warning C4244: аргумент: преобразование "int" в "float", возможна потеря данных
C:\Users\Acer\source\repos\Змеюка [уровни]\меню\меню 2.cpp(783,27): warning C4244: аргумент: преобразование "int" в "float", возможна потеря данных
C:\Users\Acer\source\repos\Змеюка [уровни]\меню\меню 2.cpp(788,46): warning C4244: аргумент: преобразование "int" в "float", возможна потеря данных
C:\Users\Acer\source\repos\Змеюка [уровни]\меню\меню 2.cpp(788,31): warning C4244: аргумент: преобразование "int" в "float", возможна потеря данных
C:\Users\Acer\source\repos\Змеюка [уровни]\меню\меню 2.cpp(793,40): warning C4244: аргумент: преобразование "int" в "float", возможна потеря данных
C:\Users\Acer\source\repos\Змеюка [уровни]\меню\меню 2.cpp(793,28): warning C4244: аргумент: преобразование "int" в "float", возможна потеря данных
C:\Users\Acer\source\repos\Змеюка [уровни]\меню\меню 2.cpp(794,42): warning C4244: аргумент: преобразование "int" в "float", возможна потеря данных
C:\Users\Acer\source\repos\Змеюка [уровни]\меню\меню 2.cpp(794,29): warning C4244: аргумент: преобразование "int" в "float", возможна потеря данных
C:\Users\Acer\source\repos\Змеюка [уровни]\меню\меню 2.cpp(795,42): warning C4244: аргумент: преобразование "int" в "float", возможна потеря данных
C:\Users\Acer\source\repos\Змеюка [уровни]\меню\меню 2.cpp(795,29): warning C4244: аргумент: преобразование "int" в "float", возможна потеря данных
C:\Users\Acer\source\repos\Змеюка [уровни]\меню\меню 2.cpp(800,40): warning C4244: аргумент: преобразование "int" в "float", возможна потеря данных
C:\Users\Acer\source\repos\Змеюка [уровни]\меню\меню 2.cpp(800,28): warning C4244: аргумент: преобразование "int" в "float", возможна потеря данных
C:\Users\Acer\source\repos\Змеюка [уровни]\меню\меню 2.cpp(801,42): warning C4244: аргумент: преобразование "int" в "float", возможна потеря данных
C:\Users\Acer\source\repos\Змеюка [уровни]\меню\меню 2.cpp(801,29): warning C4244: аргумент: преобразование "int" в "float", возможна потеря данных
C:\Users\Acer\source\repos\Змеюка [уровни]\меню\меню 2.cpp(802,42): warning C4244: аргумент: преобразование "int" в "float", возможна потеря данных
C:\Users\Acer\source\repos\Змеюка [уровни]\меню\меню 2.cpp(802,29): warning C4244: аргумент: преобразование "int" в "float", возможна потеря данных
C:\Users\Acer\source\repos\Змеюка [уровни]\меню\меню 2.cpp(803,42): warning C4244: аргумент: преобразование "int" в "float", возможна потеря данных
C:\Users\Acer\source\repos\Змеюка [уровни]\меню\меню 2.cpp(803,29): warning C4244: аргумент: преобразование "int" в "float", возможна потеря данных
C:\Users\Acer\source\repos\Змеюка [уровни]\меню\меню 2.cpp(804,42): warning C4244: аргумент: преобразование "int" в "float", возможна потеря данных
C:\Users\Acer\source\repos\Змеюка [уровни]\меню\меню 2.cpp(804,29): warning C4244: аргумент: преобразование "int" в "float", возможна потеря данных
C:\Users\Acer\source\repos\Змеюка [уровни]\меню\меню 2.cpp(805,42): warning C4244: аргумент: преобразование "int" в "float", возможна потеря данных
C:\Users\Acer\source\repos\Змеюка [уровни]\меню\меню 2.cpp(805,29): warning C4244: аргумент: преобразование "int" в "float", возможна потеря данных
C:\Users\Acer\source\repos\Змеюка [уровни]\меню\меню 2.cpp(806,42): warning C4244: аргумент: преобразование "int" в "float", возможна потеря данных
C:\Users\Acer\source\repos\Змеюка [уровни]\меню\меню 2.cpp(806,29): warning C4244: аргумент: преобразование "int" в "float", возможна потеря данных
C:\Users\Acer\source\repos\Змеюка [уровни]\меню\меню 2.cpp(807,42): warning C4244: аргумент: преобразование "int" в "float", возможна потеря данных
C:\Users\Acer\source\repos\Змеюка [уровни]\меню\меню 2.cpp(807,29): warning C4244: аргумент: преобразование "int" в "float", возможна потеря данных
C:\Users\Acer\source\repos\Змеюка [уровни]\меню\меню 2.cpp(808,42): warning C4244: аргумент: преобразование "int" в "float", возможна потеря данных
C:\Users\Acer\source\repos\Змеюка [уровни]\меню\меню 2.cpp(808,29): warning C4244: аргумент: преобразование "int" в "float", возможна потеря данных
C:\Users\Acer\source\repos\Змеюка [уровни]\меню\меню 2.cpp(809,42): warning C4244: аргумент: преобразование "int" в "float", возможна потеря данных
C:\Users\Acer\source\repos\Змеюка [уровни]\меню\меню 2.cpp(809,29): warning C4244: аргумент: преобразование "int" в "float", возможна потеря данных
C:\Users\Acer\source\repos\Змеюка [уровни]\меню\меню 2.cpp(810,44): warning C4244: аргумент: преобразование "int" в "float", возможна потеря данных
C:\Users\Acer\source\repos\Змеюка [уровни]\меню\меню 2.cpp(810,30): warning C4244: аргумент: преобразование "int" в "float", возможна потеря данных
C:\Users\Acer\source\repos\Змеюка [уровни]\меню\меню 2.cpp(811,44): warning C4244: аргумент: преобразование "int" в "float", возможна потеря данных
C:\Users\Acer\source\repos\Змеюка [уровни]\меню\меню 2.cpp(811,30): warning C4244: аргумент: преобразование "int" в "float", возможна потеря данных
C:\Users\Acer\source\repos\Змеюка [уровни]\меню\меню 2.cpp(812,44): warning C4244: аргумент: преобразование "int" в "float", возможна потеря данных
C:\Users\Acer\source\repos\Змеюка [уровни]\меню\меню 2.cpp(812,30): warning C4244: аргумент: преобразование "int" в "float", возможна потеря данных
C:\Users\Acer\source\repos\Змеюка [уровни]\меню\меню 2.cpp(813,44): warning C4244: аргумент: преобразование "int" в "float", возможна потеря данных
C:\Users\Acer\source\repos\Змеюка [уровни]\меню\меню 2.cpp(813,30): warning C4244: аргумент: преобразование "int" в "float", возможна потеря данных
C:\Users\Acer\source\repos\Змеюка [уровни]\меню\меню 2.cpp(814,44): warning C4244: аргумент: преобразование "int" в "float", возможна потеря данных
C:\Users\Acer\source\repos\Змеюка [уровни]\меню\меню 2.cpp(814,30): warning C4244: аргумент: преобразование "int" в "float", возможна потеря данных
C:\Users\Acer\source\repos\Змеюка [уровни]\меню\меню 2.cpp(815,44): warning C4244: аргумент: преобразование "int" в "float", возможна потеря данных
C:\Users\Acer\source\repos\Змеюка [уровни]\меню\меню 2.cpp(815,30): warning C4244: аргумент: преобразование "int" в "float", возможна потеря данных
C:\Users\Acer\source\repos\Змеюка [уровни]\меню\меню 2.cpp(816,44): warning C4244: аргумент: преобразование "int" в "float", возможна потеря данных
C:\Users\Acer\source\repos\Змеюка [уровни]\меню\меню 2.cpp(816,30): warning C4244: аргумент: преобразование "int" в "float", возможна потеря данных
C:\Users\Acer\source\repos\Змеюка [уровни]\меню\меню 2.cpp(817,44): warning C4244: аргумент: преобразование "int" в "float", возможна потеря данных
C:\Users\Acer\source\repos\Змеюка [уровни]\меню\меню 2.cpp(817,30): warning C4244: аргумент: преобразование "int" в "float", возможна потеря данных
C:\Users\Acer\source\repos\Змеюка [уровни]\меню\меню 2.cpp(818,44): warning C4244: аргумент: преобразование "int" в "float", возможна потеря данных
C:\Users\Acer\source\repos\Змеюка [уровни]\меню\меню 2.cpp(818,30): warning C4244: аргумент: преобразование "int" в "float", возможна потеря данных
C:\Users\Acer\source\repos\Змеюка [уровни]\меню\меню 2.cpp(819,44): warning C4244: аргумент: преобразование "int" в "float", возможна потеря данных
C:\Users\Acer\source\repos\Змеюка [уровни]\меню\меню 2.cpp(819,30): warning C4244: аргумент: преобразование "int" в "float", возможна потеря данных
  меню.vcxproj -> C:\Users\Acer\source\repos\Змеюка [уровни]\меню\x64\Debug Dynamic\меню.exe
